mode: set
event_ticket/features/purchase/usecase/logic.go:14.100,15.45 1 1
event_ticket/features/purchase/usecase/logic.go:15.45,17.3 1 1
event_ticket/features/purchase/usecase/logic.go:19.2,19.24 1 1
event_ticket/features/purchase/usecase/logic.go:19.24,21.3 1 1
event_ticket/features/purchase/usecase/logic.go:23.2,24.16 2 1
event_ticket/features/purchase/usecase/logic.go:24.16,26.3 1 0
event_ticket/features/purchase/usecase/logic.go:27.2,27.25 1 1
event_ticket/features/purchase/usecase/logic.go:31.74,32.14 1 1
event_ticket/features/purchase/usecase/logic.go:32.14,34.3 1 0
event_ticket/features/purchase/usecase/logic.go:36.2,37.24 2 1
event_ticket/features/purchase/usecase/logic.go:37.24,39.3 1 1
event_ticket/features/purchase/usecase/logic.go:41.2,41.12 1 1
event_ticket/features/purchase/usecase/logic.go:45.87,47.16 2 1
event_ticket/features/purchase/usecase/logic.go:47.16,49.3 1 1
event_ticket/features/purchase/usecase/logic.go:51.2,51.23 1 1
event_ticket/features/purchase/usecase/logic.go:55.113,56.14 1 1
event_ticket/features/purchase/usecase/logic.go:56.14,58.3 1 0
event_ticket/features/purchase/usecase/logic.go:61.2,62.16 2 1
event_ticket/features/purchase/usecase/logic.go:62.16,64.3 1 1
event_ticket/features/purchase/usecase/logic.go:67.2,67.24 1 1
event_ticket/features/purchase/usecase/logic.go:67.24,69.3 1 0
event_ticket/features/purchase/usecase/logic.go:71.2,71.23 1 1
event_ticket/features/purchase/usecase/logic.go:75.135,76.14 1 1
event_ticket/features/purchase/usecase/logic.go:76.14,78.3 1 0
event_ticket/features/purchase/usecase/logic.go:80.2,86.16 3 1
event_ticket/features/purchase/usecase/logic.go:86.16,88.3 1 1
event_ticket/features/purchase/usecase/logic.go:90.2,90.31 1 1
event_ticket/features/purchase/usecase/logic.go:90.31,92.3 1 0
event_ticket/features/purchase/usecase/logic.go:95.2,98.16 3 1
event_ticket/features/purchase/usecase/logic.go:98.16,100.3 1 0
event_ticket/features/purchase/usecase/logic.go:102.2,102.29 1 1
event_ticket/features/purchase/usecase/logic.go:106.161,107.14 1 1
event_ticket/features/purchase/usecase/logic.go:107.14,109.3 1 0
event_ticket/features/purchase/usecase/logic.go:111.2,117.16 3 1
event_ticket/features/purchase/usecase/logic.go:117.16,119.3 1 0
event_ticket/features/purchase/usecase/logic.go:121.2,121.47 1 1
event_ticket/features/purchase/usecase/logic.go:121.47,123.3 1 1
event_ticket/features/purchase/usecase/logic.go:124.2,127.16 3 1
event_ticket/features/purchase/usecase/logic.go:127.16,129.3 1 0
event_ticket/features/purchase/usecase/logic.go:131.2,131.25 1 1
event_ticket/features/purchase/usecase/logic.go:134.87,138.2 1 1
